<?xml version="1.0" encoding="UTF-8"?>
<testsuites>
    <testsuite name="force.apex" timestamp="2019-07-05T16:37:02+05:30" hostname="https://mass-edit-lookup-dev-ed.my.salesforce.com" tests="1" failures="0"  errors="0"  time="0.43">
        <properties>
            <property name="outcome" value="Passed"/>
            <property name="testsRan" value="1"/>
            <property name="passing" value="1"/>
            <property name="failing" value="0"/>
            <property name="skipped" value="0"/>
            <property name="passRate" value="100%"/>
            <property name="failRate" value="0%"/>
            <property name="testStartTime" value="Jul 5, 2019 4:37 PM"/>
            <property name="testExecutionTime" value="0.43 s"/>
            <property name="testTotalTime" value="0.43 s"/>
            <property name="commandTime" value="9.64 s"/>
            <property name="hostname" value="https://mass-edit-lookup-dev-ed.my.salesforce.com"/>
            <property name="orgId" value="00D0o000001Bxk7EAC"/>
            <property name="username" value="sarveshkumar574@gmail.com"/>
            <property name="testRunId" value="7070o0000CE6Akx"/>
            <property name="userId" value="0050o00000VKYKuAAP"/>
            <property name="testRunCoverage" value="100%"/>
            <property name="orgWideCoverage" value="5%"/>
        </properties>
        <testcase name="should_create_account" classname="AccountServiceTest" time="0.43">
        </testcase>
    </testsuite>
</testsuites>
